SimpleCnn(
  (conv1): Conv2d(28, 16, kernel_size=(3, 3), stride=(1, 1), padding=(1, 1))
  (conv2): Conv2d(16, 32, kernel_size=(3, 3), stride=(1, 1), padding=(1, 1))
  (pool): MaxPool2d(kernel_size=2, stride=2, padding=0, dilation=1, ceil_mode=False)
  (fc1): Linear(in_features=1568, out_features=128, bias=True)
  (fc2): Linear(in_features=128, out_features=10, bias=True)
)
==================================================
Algorithm: FedAvg
Local batch size: 10
Local epochs: 1
Local learing rate: 0.005
Local learing rate decay: False
Total number of clients: 3
Clients join in each round: 1.0
Clients randomly join: False
Client drop rate: 0.0
Client select regarding time: False
Running times: 1
Dataset: BloodMNIST
Number of classes: 10
Backbone: resnet18
Using device: cuda
Using DP: False
Auto break: False
Global rounds: 49
Cuda device id: 0
DLG attack: False
Total number of new clients: 0
Fine tuning epoches on new clients: 0
==================================================

============= Running time: 0th =============
Creating server and clients ...
ResNetTIL(
  (conv1): Conv2d(32, 64, kernel_size=(3, 3), stride=(1, 1), padding=(1, 1), bias=False)
  (bn1): BatchNorm2d(64, eps=1e-05, momentum=0.1, affine=True, track_running_stats=True)
  (layer1): Sequential(
    (0): BasicBlock(
      (conv1): Conv2d(64, 64, kernel_size=(3, 3), stride=(1, 1), padding=(1, 1), bias=False)
      (bn1): BatchNorm2d(64, eps=1e-05, momentum=0.1, affine=True, track_running_stats=True)
      (relu): ReLU(inplace=True)
      (conv2): Conv2d(64, 64, kernel_size=(3, 3), stride=(1, 1), padding=(1, 1), bias=False)
      (bn2): BatchNorm2d(64, eps=1e-05, momentum=0.1, affine=True, track_running_stats=True)
    )
    (1): BasicBlock(
      (conv1): Conv2d(64, 64, kernel_size=(3, 3), stride=(1, 1), padding=(1, 1), bias=False)
      (bn1): BatchNorm2d(64, eps=1e-05, momentum=0.1, affine=True, track_running_stats=True)
      (relu): ReLU(inplace=True)
      (conv2): Conv2d(64, 64, kernel_size=(3, 3), stride=(1, 1), padding=(1, 1), bias=False)
      (bn2): BatchNorm2d(64, eps=1e-05, momentum=0.1, affine=True, track_running_stats=True)
    )
  )
  (layer2): Sequential(
    (0): BasicBlock(
      (conv1): Conv2d(64, 128, kernel_size=(3, 3), stride=(2, 2), padding=(1, 1), bias=False)
      (bn1): BatchNorm2d(128, eps=1e-05, momentum=0.1, affine=True, track_running_stats=True)
      (relu): ReLU(inplace=True)
      (conv2): Conv2d(128, 128, kernel_size=(3, 3), stride=(1, 1), padding=(1, 1), bias=False)
      (bn2): BatchNorm2d(128, eps=1e-05, momentum=0.1, affine=True, track_running_stats=True)
      (downsample): Sequential(
        (0): Conv2d(64, 128, kernel_size=(1, 1), stride=(2, 2), bias=False)
        (1): BatchNorm2d(128, eps=1e-05, momentum=0.1, affine=True, track_running_stats=True)
      )
    )
    (1): BasicBlock(
      (conv1): Conv2d(128, 128, kernel_size=(3, 3), stride=(1, 1), padding=(1, 1), bias=False)
      (bn1): BatchNorm2d(128, eps=1e-05, momentum=0.1, affine=True, track_running_stats=True)
      (relu): ReLU(inplace=True)
      (conv2): Conv2d(128, 128, kernel_size=(3, 3), stride=(1, 1), padding=(1, 1), bias=False)
      (bn2): BatchNorm2d(128, eps=1e-05, momentum=0.1, affine=True, track_running_stats=True)
    )
  )
  (layer3): Sequential(
    (0): BasicBlock(
      (conv1): Conv2d(128, 256, kernel_size=(3, 3), stride=(2, 2), padding=(1, 1), bias=False)
      (bn1): BatchNorm2d(256, eps=1e-05, momentum=0.1, affine=True, track_running_stats=True)
      (relu): ReLU(inplace=True)
      (conv2): Conv2d(256, 256, kernel_size=(3, 3), stride=(1, 1), padding=(1, 1), bias=False)
      (bn2): BatchNorm2d(256, eps=1e-05, momentum=0.1, affine=True, track_running_stats=True)
      (downsample): Sequential(
        (0): Conv2d(128, 256, kernel_size=(1, 1), stride=(2, 2), bias=False)
        (1): BatchNorm2d(256, eps=1e-05, momentum=0.1, affine=True, track_running_stats=True)
      )
    )
    (1): BasicBlock(
      (conv1): Conv2d(256, 256, kernel_size=(3, 3), stride=(1, 1), padding=(1, 1), bias=False)
      (bn1): BatchNorm2d(256, eps=1e-05, momentum=0.1, affine=True, track_running_stats=True)
      (relu): ReLU(inplace=True)
      (conv2): Conv2d(256, 256, kernel_size=(3, 3), stride=(1, 1), padding=(1, 1), bias=False)
      (bn2): BatchNorm2d(256, eps=1e-05, momentum=0.1, affine=True, track_running_stats=True)
    )
  )
  (layer4): Sequential(
    (0): BasicBlock(
      (conv1): Conv2d(256, 512, kernel_size=(3, 3), stride=(2, 2), padding=(1, 1), bias=False)
      (bn1): BatchNorm2d(512, eps=1e-05, momentum=0.1, affine=True, track_running_stats=True)
      (relu): ReLU(inplace=True)
      (conv2): Conv2d(512, 512, kernel_size=(3, 3), stride=(1, 1), padding=(1, 1), bias=False)
      (bn2): BatchNorm2d(512, eps=1e-05, momentum=0.1, affine=True, track_running_stats=True)
      (downsample): Sequential(
        (0): Conv2d(256, 512, kernel_size=(1, 1), stride=(2, 2), bias=False)
        (1): BatchNorm2d(512, eps=1e-05, momentum=0.1, affine=True, track_running_stats=True)
      )
    )
    (1): BasicBlock(
      (conv1): Conv2d(512, 512, kernel_size=(3, 3), stride=(1, 1), padding=(1, 1), bias=False)
      (bn1): BatchNorm2d(512, eps=1e-05, momentum=0.1, affine=True, track_running_stats=True)
      (relu): ReLU(inplace=True)
      (conv2): Conv2d(512, 512, kernel_size=(3, 3), stride=(1, 1), padding=(1, 1), bias=False)
      (bn2): BatchNorm2d(512, eps=1e-05, momentum=0.1, affine=True, track_running_stats=True)
    )
  )
  (avgpool): AdaptiveAvgPool2d(output_size=(1, 1))
  (dropout): Dropout(p=0.5, inplace=False)
  (task_heads): ModuleList(
    (0-4): 5 x Linear(in_features=512, out_features=100, bias=True)
  )
)
[Client 0] No episodic memory found, starting fresh.
[Client 1] No episodic memory found, starting fresh.
[Client 2] No episodic memory found, starting fresh.
************************* length of uploaded models ************************* 3

-------------Round number: 0-------------

Evaluate global model
evaluation for task 0
Averaged Train Loss: 2.9564
Averaged Test Accurancy: 0.0792
Averaged Test AUC: 0.9039
Std Test Accurancy: 0.0349
Std Test AUC: 0.0290
Clients: 3
------------------------- Time cost ------------------------- 8.949429512023926
[Client 0] No episodic memory found, starting fresh.
[Client 1] No episodic memory found, starting fresh.
[Client 2] No episodic memory found, starting fresh.
************************* length of uploaded models ************************* 3

-------------Round number: 1-------------

Evaluate global model
evaluation for task 0
Averaged Train Loss: 2.7269
Averaged Test Accurancy: 0.1733
Averaged Test AUC: 0.9328
Std Test Accurancy: 0.0268
Std Test AUC: 0.0182
Clients: 3
------------------------- Time cost ------------------------- 8.781331777572632
[Client 0] No episodic memory found, starting fresh.
[Client 1] No episodic memory found, starting fresh.
[Client 2] No episodic memory found, starting fresh.
************************* length of uploaded models ************************* 3

-------------Round number: 2-------------

Evaluate global model
evaluation for task 0
Averaged Train Loss: 2.6253
Averaged Test Accurancy: 0.2086
Averaged Test AUC: 0.9507
Std Test Accurancy: 0.0245
Std Test AUC: 0.0108
Clients: 3
------------------------- Time cost ------------------------- 9.321200847625732
[Client 0] No episodic memory found, starting fresh.
[Client 1] No episodic memory found, starting fresh.
[Client 2] No episodic memory found, starting fresh.
************************* length of uploaded models ************************* 3

-------------Round number: 3-------------

Evaluate global model
evaluation for task 0
Averaged Train Loss: 2.3213
Averaged Test Accurancy: 0.2550
Averaged Test AUC: 0.9545
Std Test Accurancy: 0.0142
Std Test AUC: 0.0140
Clients: 3
------------------------- Time cost ------------------------- 9.551559686660767
[Client 0] No episodic memory found, starting fresh.
[Client 1] No episodic memory found, starting fresh.
[Client 2] No episodic memory found, starting fresh.
************************* length of uploaded models ************************* 3

-------------Round number: 4-------------

Evaluate global model
evaluation for task 0
Averaged Train Loss: 2.1903
Averaged Test Accurancy: 0.2825
Averaged Test AUC: 0.9610
Std Test Accurancy: 0.0267
Std Test AUC: 0.0107
Clients: 3
------------------------- Time cost ------------------------- 9.154716491699219
[Client 0] No episodic memory found, starting fresh.
[Client 1] No episodic memory found, starting fresh.
[Client 2] No episodic memory found, starting fresh.
************************* length of uploaded models ************************* 3

-------------Round number: 5-------------

Evaluate global model
evaluation for task 0
Averaged Train Loss: 2.0593
Averaged Test Accurancy: 0.2975
Averaged Test AUC: 0.9634
Std Test Accurancy: 0.0183
Std Test AUC: 0.0074
Clients: 3
------------------------- Time cost ------------------------- 9.177386045455933
[Client 0] No episodic memory found, starting fresh.
[Client 1] No episodic memory found, starting fresh.
[Client 2] No episodic memory found, starting fresh.
************************* length of uploaded models ************************* 3

-------------Round number: 6-------------

Evaluate global model
evaluation for task 0
Averaged Train Loss: 1.9786
Averaged Test Accurancy: 0.3467
Averaged Test AUC: 0.9661
Std Test Accurancy: 0.0336
Std Test AUC: 0.0095
Clients: 3
------------------------- Time cost ------------------------- 9.123923301696777
[Client 0] No episodic memory found, starting fresh.
[Client 1] No episodic memory found, starting fresh.
[Client 2] No episodic memory found, starting fresh.
************************* length of uploaded models ************************* 3

-------------Round number: 7-------------

Evaluate global model
evaluation for task 0
Averaged Train Loss: 2.0617
Averaged Test Accurancy: 0.2972
Averaged Test AUC: 0.9633
Std Test Accurancy: 0.0402
Std Test AUC: 0.0101
Clients: 3
------------------------- Time cost ------------------------- 9.159292697906494
[Client 0] No episodic memory found, starting fresh.
[Client 1] No episodic memory found, starting fresh.
[Client 2] No episodic memory found, starting fresh.
************************* length of uploaded models ************************* 3

-------------Round number: 8-------------

Evaluate global model
evaluation for task 0
Averaged Train Loss: 1.8428
Averaged Test Accurancy: 0.3411
Averaged Test AUC: 0.9703
Std Test Accurancy: 0.0387
Std Test AUC: 0.0063
Clients: 3
------------------------- Time cost ------------------------- 9.096874475479126
[Client 0] No episodic memory found, starting fresh.
*********New episodic memory length is 1***********
[Client 1] No episodic memory found, starting fresh.
*********New episodic memory length is 1***********
[Client 2] No episodic memory found, starting fresh.
*********New episodic memory length is 1***********
************************* length of uploaded models ************************* 3

-------------Round number: 9-------------

Evaluate global model
evaluation for task 0
Averaged Train Loss: 1.7876
Averaged Test Accurancy: 0.3553
Averaged Test AUC: 0.9670
Std Test Accurancy: 0.0393
Std Test AUC: 0.0094
Clients: 3
------------------------- Time cost ------------------------- 483.7809474468231
*********New episodic memory length is 1***********
*********New episodic memory length is 1***********
*********New episodic memory length is 1***********
************************* length of uploaded models ************************* 3

-------------Round number: 10-------------

Evaluate global model
evaluation for task 0
Averaged Train Loss: 2.1861
Averaged Test Accurancy: 0.2808
Averaged Test AUC: 0.9616
Std Test Accurancy: 0.0302
Std Test AUC: 0.0035
evaluation for task 1
Averaged Train Loss: 2.3813
Averaged Test Accurancy: 0.2944
Averaged Test AUC: nan
Std Test Accurancy: 0.0691
Std Test AUC: nan
Clients: 3
------------------------- Time cost ------------------------- 524.6779396533966
*********New episodic memory length is 1***********
*********New episodic memory length is 1***********
*********New episodic memory length is 1***********
************************* length of uploaded models ************************* 3

-------------Round number: 11-------------

Evaluate global model
evaluation for task 0
Averaged Train Loss: 2.0830
Averaged Test Accurancy: 0.3169
Averaged Test AUC: 0.9635
Std Test Accurancy: 0.0192
Std Test AUC: 0.0042
evaluation for task 1
Averaged Train Loss: 2.0381
Averaged Test Accurancy: 0.3647
Averaged Test AUC: nan
Std Test Accurancy: 0.0805
Std Test AUC: nan
Clients: 3
------------------------- Time cost ------------------------- 520.399374961853
*********New episodic memory length is 1***********
*********New episodic memory length is 1***********
*********New episodic memory length is 1***********
************************* length of uploaded models ************************* 3

-------------Round number: 12-------------

Evaluate global model
evaluation for task 0
Averaged Train Loss: 2.1319
Averaged Test Accurancy: 0.3119
Averaged Test AUC: 0.9602
Std Test Accurancy: 0.0102
Std Test AUC: 0.0050
evaluation for task 1
Averaged Train Loss: 1.9285
Averaged Test Accurancy: 0.3536
Averaged Test AUC: nan
Std Test Accurancy: 0.0622
Std Test AUC: nan
Clients: 3
------------------------- Time cost ------------------------- 516.9449815750122
*********New episodic memory length is 1***********
*********New episodic memory length is 1***********
*********New episodic memory length is 1***********
************************* length of uploaded models ************************* 3

-------------Round number: 13-------------

Evaluate global model
evaluation for task 0
Averaged Train Loss: 2.1941
Averaged Test Accurancy: 0.2883
Averaged Test AUC: 0.9608
Std Test Accurancy: 0.0354
Std Test AUC: 0.0047
evaluation for task 1
Averaged Train Loss: 1.8382
Averaged Test Accurancy: 0.3947
Averaged Test AUC: nan
Std Test Accurancy: 0.0687
Std Test AUC: nan
Clients: 3
------------------------- Time cost ------------------------- 515.9859728813171
*********New episodic memory length is 1***********
*********New episodic memory length is 1***********
*********New episodic memory length is 1***********
************************* length of uploaded models ************************* 3

-------------Round number: 14-------------

Evaluate global model
evaluation for task 0
Averaged Train Loss: 2.1337
Averaged Test Accurancy: 0.3231
Averaged Test AUC: 0.9617
Std Test Accurancy: 0.0113
Std Test AUC: 0.0064
evaluation for task 1
Averaged Train Loss: 1.6864
Averaged Test Accurancy: 0.4117
Averaged Test AUC: nan
Std Test Accurancy: 0.0381
Std Test AUC: nan
Clients: 3
------------------------- Time cost ------------------------- 514.2191994190216
*********New episodic memory length is 1***********
*********New episodic memory length is 1***********
*********New episodic memory length is 1***********
************************* length of uploaded models ************************* 3

-------------Round number: 15-------------

Evaluate global model
evaluation for task 0
Averaged Train Loss: 2.2649
Averaged Test Accurancy: 0.3006
Averaged Test AUC: 0.9614
Std Test Accurancy: 0.0204
Std Test AUC: 0.0056
evaluation for task 1
Averaged Train Loss: 1.7043
Averaged Test Accurancy: 0.4139
Averaged Test AUC: nan
Std Test Accurancy: 0.0511
Std Test AUC: nan
Clients: 3
------------------------- Time cost ------------------------- 512.6838488578796
*********New episodic memory length is 1***********
*********New episodic memory length is 1***********
*********New episodic memory length is 1***********
************************* length of uploaded models ************************* 3

-------------Round number: 16-------------

Evaluate global model
evaluation for task 0
Averaged Train Loss: 2.2338
Averaged Test Accurancy: 0.3019
Averaged Test AUC: 0.9618
Std Test Accurancy: 0.0161
Std Test AUC: 0.0051
evaluation for task 1
Averaged Train Loss: 1.5359
Averaged Test Accurancy: 0.4339
Averaged Test AUC: nan
Std Test Accurancy: 0.0317
Std Test AUC: nan
Clients: 3
------------------------- Time cost ------------------------- 512.8144981861115
*********New episodic memory length is 1***********
*********New episodic memory length is 1***********
*********New episodic memory length is 1***********
************************* length of uploaded models ************************* 3

-------------Round number: 17-------------

Evaluate global model
evaluation for task 0
Averaged Train Loss: 2.2402
Averaged Test Accurancy: 0.3053
Averaged Test AUC: 0.9593
Std Test Accurancy: 0.0178
Std Test AUC: 0.0067
evaluation for task 1
Averaged Train Loss: 1.4999
Averaged Test Accurancy: 0.4333
Averaged Test AUC: nan
Std Test Accurancy: 0.0545
Std Test AUC: nan
Clients: 3
------------------------- Time cost ------------------------- 512.5807120800018
*********New episodic memory length is 1***********
*********New episodic memory length is 1***********
*********New episodic memory length is 1***********
************************* length of uploaded models ************************* 3

-------------Round number: 18-------------

Evaluate global model
evaluation for task 0
Averaged Train Loss: 2.2643
Averaged Test Accurancy: 0.3039
Averaged Test AUC: 0.9621
Std Test Accurancy: 0.0084
Std Test AUC: 0.0043
evaluation for task 1
Averaged Train Loss: 1.4127
Averaged Test Accurancy: 0.4458
Averaged Test AUC: nan
Std Test Accurancy: 0.0506
Std Test AUC: nan
Clients: 3
------------------------- Time cost ------------------------- 514.2095258235931
*********New episodic memory length is 2***********
*********New episodic memory length is 2***********
*********New episodic memory length is 2***********
************************* length of uploaded models ************************* 3

-------------Round number: 19-------------

Evaluate global model
evaluation for task 0
Averaged Train Loss: 2.2678
Averaged Test Accurancy: 0.3086
Averaged Test AUC: 0.9570
Std Test Accurancy: 0.0246
Std Test AUC: 0.0088
evaluation for task 1
Averaged Train Loss: 1.4119
Averaged Test Accurancy: 0.4497
Averaged Test AUC: nan
Std Test Accurancy: 0.0551
Std Test AUC: nan
Clients: 3
------------------------- Time cost ------------------------- 960.3239347934723
*********New episodic memory length is 2***********
*********New episodic memory length is 2***********
*********New episodic memory length is 2***********
************************* length of uploaded models ************************* 3

-------------Round number: 20-------------

Evaluate global model
evaluation for task 0
Averaged Train Loss: 2.4290
Averaged Test Accurancy: 0.2494
Averaged Test AUC: 0.9557
Std Test Accurancy: 0.0167
Std Test AUC: 0.0056
evaluation for task 1
Averaged Train Loss: 1.6618
Averaged Test Accurancy: 0.4017
Averaged Test AUC: nan
Std Test Accurancy: 0.0227
Std Test AUC: nan
evaluation for task 2
Averaged Train Loss: 1.9827
Averaged Test Accurancy: 0.3739
Averaged Test AUC: nan
Std Test Accurancy: 0.0258
Std Test AUC: nan
Clients: 3
------------------------- Time cost ------------------------- 998.7720866203308
*********New episodic memory length is 2***********
*********New episodic memory length is 2***********
*********New episodic memory length is 2***********
************************* length of uploaded models ************************* 3

-------------Round number: 21-------------

Evaluate global model
evaluation for task 0
Averaged Train Loss: 2.4556
Averaged Test Accurancy: 0.2139
Averaged Test AUC: 0.9471
Std Test Accurancy: 0.0351
Std Test AUC: 0.0068
evaluation for task 1
Averaged Train Loss: 1.7815
Averaged Test Accurancy: 0.3539
Averaged Test AUC: nan
Std Test Accurancy: 0.0174
Std Test AUC: nan
evaluation for task 2
Averaged Train Loss: 1.6976
Averaged Test Accurancy: 0.4044
Averaged Test AUC: nan
Std Test Accurancy: 0.0200
Std Test AUC: nan
Clients: 3
------------------------- Time cost ------------------------- 990.4750261306763
*********New episodic memory length is 2***********
*********New episodic memory length is 2***********
*********New episodic memory length is 2***********
************************* length of uploaded models ************************* 3

-------------Round number: 22-------------

Evaluate global model
evaluation for task 0
Averaged Train Loss: 2.4671
Averaged Test Accurancy: 0.2264
Averaged Test AUC: 0.9519
Std Test Accurancy: 0.0059
Std Test AUC: 0.0033
evaluation for task 1
Averaged Train Loss: 1.7849
Averaged Test Accurancy: 0.3433
Averaged Test AUC: nan
Std Test Accurancy: 0.0382
Std Test AUC: nan
evaluation for task 2
Averaged Train Loss: 1.6629
Averaged Test Accurancy: 0.4239
Averaged Test AUC: nan
Std Test Accurancy: 0.0231
Std Test AUC: nan
Clients: 3
------------------------- Time cost ------------------------- 988.2247292995453
*********New episodic memory length is 2***********
*********New episodic memory length is 2***********
*********New episodic memory length is 2***********
************************* length of uploaded models ************************* 3

-------------Round number: 23-------------

Evaluate global model
evaluation for task 0
Averaged Train Loss: 2.5192
Averaged Test Accurancy: 0.2100
Averaged Test AUC: 0.9474
Std Test Accurancy: 0.0330
Std Test AUC: 0.0033
evaluation for task 1
Averaged Train Loss: 1.9163
Averaged Test Accurancy: 0.3656
Averaged Test AUC: nan
Std Test Accurancy: 0.0128
Std Test AUC: nan
evaluation for task 2
Averaged Train Loss: 1.5463
Averaged Test Accurancy: 0.4281
Averaged Test AUC: nan
Std Test Accurancy: 0.0090
Std Test AUC: nan
Clients: 3
------------------------- Time cost ------------------------- 993.9456231594086
*********New episodic memory length is 2***********
*********New episodic memory length is 2***********
*********New episodic memory length is 2***********
************************* length of uploaded models ************************* 3

-------------Round number: 24-------------

Evaluate global model
evaluation for task 0
Averaged Train Loss: 2.5150
Averaged Test Accurancy: 0.2144
Averaged Test AUC: 0.9460
Std Test Accurancy: 0.0135
Std Test AUC: 0.0065
evaluation for task 1
Averaged Train Loss: 1.9957
Averaged Test Accurancy: 0.3364
Averaged Test AUC: nan
Std Test Accurancy: 0.0123
Std Test AUC: nan
evaluation for task 2
Averaged Train Loss: 1.4184
Averaged Test Accurancy: 0.4372
Averaged Test AUC: nan
Std Test Accurancy: 0.0320
Std Test AUC: nan
Clients: 3
------------------------- Time cost ------------------------- 985.2498157024384
*********New episodic memory length is 2***********
*********New episodic memory length is 2***********
*********New episodic memory length is 2***********
************************* length of uploaded models ************************* 3

-------------Round number: 25-------------

Evaluate global model
evaluation for task 0
Averaged Train Loss: 2.5218
Averaged Test Accurancy: 0.1992
Averaged Test AUC: 0.9416
Std Test Accurancy: 0.0157
Std Test AUC: 0.0050
evaluation for task 1
Averaged Train Loss: 1.9047
Averaged Test Accurancy: 0.3283
Averaged Test AUC: nan
Std Test Accurancy: 0.0382
Std Test AUC: nan
evaluation for task 2
Averaged Train Loss: 1.2518
Averaged Test Accurancy: 0.4656
Averaged Test AUC: nan
Std Test Accurancy: 0.0211
Std Test AUC: nan
Clients: 3
------------------------- Time cost ------------------------- 986.4719331264496
*********New episodic memory length is 2***********
*********New episodic memory length is 2***********
*********New episodic memory length is 2***********
************************* length of uploaded models ************************* 3

-------------Round number: 26-------------

Evaluate global model
evaluation for task 0
Averaged Train Loss: 2.5482
Averaged Test Accurancy: 0.1903
Averaged Test AUC: 0.9419
Std Test Accurancy: 0.0111
Std Test AUC: 0.0067
evaluation for task 1
Averaged Train Loss: 2.0537
Averaged Test Accurancy: 0.3108
Averaged Test AUC: nan
Std Test Accurancy: 0.0106
Std Test AUC: nan
evaluation for task 2
Averaged Train Loss: 1.2638
Averaged Test Accurancy: 0.4506
Averaged Test AUC: nan
Std Test Accurancy: 0.0095
Std Test AUC: nan
Clients: 3
------------------------- Time cost ------------------------- 985.6880629062653
*********New episodic memory length is 2***********
*********New episodic memory length is 2***********
*********New episodic memory length is 2***********
************************* length of uploaded models ************************* 3

-------------Round number: 27-------------

Evaluate global model
evaluation for task 0
Averaged Train Loss: 2.6075
Averaged Test Accurancy: 0.1747
Averaged Test AUC: 0.9389
Std Test Accurancy: 0.0271
Std Test AUC: 0.0037
evaluation for task 1
Averaged Train Loss: 2.2013
Averaged Test Accurancy: 0.2997
Averaged Test AUC: nan
Std Test Accurancy: 0.0126
Std Test AUC: nan
evaluation for task 2
Averaged Train Loss: 1.1932
Averaged Test Accurancy: 0.4767
Averaged Test AUC: nan
Std Test Accurancy: 0.0285
Std Test AUC: nan
Clients: 3
------------------------- Time cost ------------------------- 993.0774788856506
*********New episodic memory length is 2***********
*********New episodic memory length is 2***********
*********New episodic memory length is 2***********
************************* length of uploaded models ************************* 3

-------------Round number: 28-------------

Evaluate global model
evaluation for task 0
Averaged Train Loss: 2.6005
Averaged Test Accurancy: 0.1961
Averaged Test AUC: 0.9400
Std Test Accurancy: 0.0121
Std Test AUC: 0.0035
evaluation for task 1
Averaged Train Loss: 2.0777
Averaged Test Accurancy: 0.3111
Averaged Test AUC: nan
Std Test Accurancy: 0.0167
Std Test AUC: nan
evaluation for task 2
Averaged Train Loss: 1.0352
Averaged Test Accurancy: 0.4736
Averaged Test AUC: nan
Std Test Accurancy: 0.0219
Std Test AUC: nan
Clients: 3
------------------------- Time cost ------------------------- 983.2303516864777
*********New episodic memory length is 3***********
*********New episodic memory length is 3***********
*********New episodic memory length is 3***********
************************* length of uploaded models ************************* 3

-------------Round number: 29-------------

Evaluate global model
evaluation for task 0
Averaged Train Loss: 2.6348
Averaged Test Accurancy: 0.1544
Averaged Test AUC: 0.9382
Std Test Accurancy: 0.0285
Std Test AUC: 0.0043
evaluation for task 1
Averaged Train Loss: 2.2779
Averaged Test Accurancy: 0.2594
Averaged Test AUC: nan
Std Test Accurancy: 0.0204
Std Test AUC: nan
evaluation for task 2
Averaged Train Loss: 1.0499
Averaged Test Accurancy: 0.4667
Averaged Test AUC: nan
Std Test Accurancy: 0.0257
Std Test AUC: nan
Clients: 3
------------------------- Time cost ------------------------- 1444.513967514038
*********New episodic memory length is 3***********
*********New episodic memory length is 3***********
*********New episodic memory length is 3***********
************************* length of uploaded models ************************* 3

-------------Round number: 30-------------

Evaluate global model
evaluation for task 0
Averaged Train Loss: 2.7220
Averaged Test Accurancy: 0.1567
Averaged Test AUC: 0.9303
Std Test Accurancy: 0.0207
Std Test AUC: 0.0089
evaluation for task 1
Averaged Train Loss: 2.3094
Averaged Test Accurancy: 0.2750
Averaged Test AUC: nan
Std Test Accurancy: 0.0189
Std Test AUC: nan
evaluation for task 2
Averaged Train Loss: 1.3387
Averaged Test Accurancy: 0.4131
Averaged Test AUC: nan
Std Test Accurancy: 0.0090
Std Test AUC: nan
evaluation for task 3
Averaged Train Loss: 1.9298
Averaged Test Accurancy: 0.3731
Averaged Test AUC: nan
Std Test Accurancy: 0.0527
Std Test AUC: nan
Clients: 3
------------------------- Time cost ------------------------- 1476.9470746517181
*********New episodic memory length is 3***********
*********New episodic memory length is 3***********
*********New episodic memory length is 3***********
************************* length of uploaded models ************************* 3

-------------Round number: 31-------------

Evaluate global model
evaluation for task 0
Averaged Train Loss: 2.6964
Averaged Test Accurancy: 0.1808
Averaged Test AUC: 0.9387
Std Test Accurancy: 0.0232
Std Test AUC: 0.0020
evaluation for task 1
Averaged Train Loss: 2.3671
Averaged Test Accurancy: 0.2467
Averaged Test AUC: nan
Std Test Accurancy: 0.0045
Std Test AUC: nan
evaluation for task 2
Averaged Train Loss: 1.4349
Averaged Test Accurancy: 0.3906
Averaged Test AUC: nan
Std Test Accurancy: 0.0345
Std Test AUC: nan
evaluation for task 3
Averaged Train Loss: 1.6637
Averaged Test Accurancy: 0.4358
Averaged Test AUC: nan
Std Test Accurancy: 0.0547
Std Test AUC: nan
Clients: 3
------------------------- Time cost ------------------------- 1476.1841785907745
*********New episodic memory length is 3***********
*********New episodic memory length is 3***********
*********New episodic memory length is 3***********
************************* length of uploaded models ************************* 3

-------------Round number: 32-------------

Evaluate global model
evaluation for task 0
Averaged Train Loss: 2.7453
Averaged Test Accurancy: 0.1528
Averaged Test AUC: 0.9310
Std Test Accurancy: 0.0103
Std Test AUC: 0.0058
evaluation for task 1
Averaged Train Loss: 2.3651
Averaged Test Accurancy: 0.2475
Averaged Test AUC: nan
Std Test Accurancy: 0.0030
Std Test AUC: nan
evaluation for task 2
Averaged Train Loss: 1.4606
Averaged Test Accurancy: 0.3964
Averaged Test AUC: nan
Std Test Accurancy: 0.0311
Std Test AUC: nan
evaluation for task 3
Averaged Train Loss: 1.5168
Averaged Test Accurancy: 0.4553
Averaged Test AUC: nan
Std Test Accurancy: 0.0559
Std Test AUC: nan
Clients: 3
------------------------- Time cost ------------------------- 1473.7310347557068
*********New episodic memory length is 3***********
*********New episodic memory length is 3***********
*********New episodic memory length is 3***********
************************* length of uploaded models ************************* 3

-------------Round number: 33-------------

Evaluate global model
evaluation for task 0
Averaged Train Loss: 2.7372
Averaged Test Accurancy: 0.1422
Averaged Test AUC: 0.9312
Std Test Accurancy: 0.0216
Std Test AUC: 0.0029
evaluation for task 1
Averaged Train Loss: 2.3610
Averaged Test Accurancy: 0.2658
Averaged Test AUC: nan
Std Test Accurancy: 0.0121
Std Test AUC: nan
evaluation for task 2
Averaged Train Loss: 1.5500
Averaged Test Accurancy: 0.3881
Averaged Test AUC: nan
Std Test Accurancy: 0.0281
Std Test AUC: nan
evaluation for task 3
Averaged Train Loss: 1.3883
Averaged Test Accurancy: 0.4761
Averaged Test AUC: nan
Std Test Accurancy: 0.0494
Std Test AUC: nan
Clients: 3
------------------------- Time cost ------------------------- 1472.1678340435028
*********New episodic memory length is 3***********
*********New episodic memory length is 3***********
*********New episodic memory length is 3***********
************************* length of uploaded models ************************* 3

-------------Round number: 34-------------

Evaluate global model
evaluation for task 0
Averaged Train Loss: 2.7724
Averaged Test Accurancy: 0.1369
Averaged Test AUC: 0.9305
Std Test Accurancy: 0.0112
Std Test AUC: 0.0035
evaluation for task 1
Averaged Train Loss: 2.4617
Averaged Test Accurancy: 0.2228
Averaged Test AUC: nan
Std Test Accurancy: 0.0219
Std Test AUC: nan
evaluation for task 2
Averaged Train Loss: 1.5768
Averaged Test Accurancy: 0.4044
Averaged Test AUC: nan
Std Test Accurancy: 0.0171
Std Test AUC: nan
evaluation for task 3
Averaged Train Loss: 1.3121
Averaged Test Accurancy: 0.4694
Averaged Test AUC: nan
Std Test Accurancy: 0.0415
Std Test AUC: nan
Clients: 3
------------------------- Time cost ------------------------- 1476.406992673874
*********New episodic memory length is 3***********
*********New episodic memory length is 3***********
*********New episodic memory length is 3***********
************************* length of uploaded models ************************* 3

-------------Round number: 35-------------

Evaluate global model
evaluation for task 0
Averaged Train Loss: 2.7352
Averaged Test Accurancy: 0.1389
Averaged Test AUC: 0.9324
Std Test Accurancy: 0.0273
Std Test AUC: 0.0045
evaluation for task 1
Averaged Train Loss: 2.5356
Averaged Test Accurancy: 0.2136
Averaged Test AUC: nan
Std Test Accurancy: 0.0171
Std Test AUC: nan
evaluation for task 2
Averaged Train Loss: 1.7005
Averaged Test Accurancy: 0.3514
Averaged Test AUC: nan
Std Test Accurancy: 0.0128
Std Test AUC: nan
evaluation for task 3
Averaged Train Loss: 1.2129
Averaged Test Accurancy: 0.4856
Averaged Test AUC: nan
Std Test Accurancy: 0.0360
Std Test AUC: nan
Clients: 3
------------------------- Time cost ------------------------- 1465.602328300476
*********New episodic memory length is 3***********
*********New episodic memory length is 3***********
*********New episodic memory length is 3***********
************************* length of uploaded models ************************* 3

-------------Round number: 36-------------

Evaluate global model
evaluation for task 0
Averaged Train Loss: 2.8034
Averaged Test Accurancy: 0.1150
Averaged Test AUC: 0.9270
Std Test Accurancy: 0.0074
Std Test AUC: 0.0061
evaluation for task 1
Averaged Train Loss: 2.5060
Averaged Test Accurancy: 0.2142
Averaged Test AUC: nan
Std Test Accurancy: 0.0134
Std Test AUC: nan
evaluation for task 2
Averaged Train Loss: 1.6829
Averaged Test Accurancy: 0.3711
Averaged Test AUC: nan
Std Test Accurancy: 0.0329
Std Test AUC: nan
evaluation for task 3
Averaged Train Loss: 1.0942
Averaged Test Accurancy: 0.4978
Averaged Test AUC: nan
Std Test Accurancy: 0.0452
Std Test AUC: nan
Clients: 3
------------------------- Time cost ------------------------- 1462.3075726032257
*********New episodic memory length is 3***********
*********New episodic memory length is 3***********
*********New episodic memory length is 3***********
************************* length of uploaded models ************************* 3

-------------Round number: 37-------------

Evaluate global model
evaluation for task 0
Averaged Train Loss: 2.7852
Averaged Test Accurancy: 0.1261
Averaged Test AUC: 0.9256
Std Test Accurancy: 0.0305
Std Test AUC: 0.0069
evaluation for task 1
Averaged Train Loss: 2.5563
Averaged Test Accurancy: 0.2219
Averaged Test AUC: nan
Std Test Accurancy: 0.0156
Std Test AUC: nan
evaluation for task 2
Averaged Train Loss: 1.7651
Averaged Test Accurancy: 0.3383
Averaged Test AUC: nan
Std Test Accurancy: 0.0329
Std Test AUC: nan
evaluation for task 3
Averaged Train Loss: 1.0562
Averaged Test Accurancy: 0.4800
Averaged Test AUC: nan
Std Test Accurancy: 0.0404
Std Test AUC: nan
Clients: 3
------------------------- Time cost ------------------------- 1468.9980764389038
*********New episodic memory length is 3***********
*********New episodic memory length is 3***********
*********New episodic memory length is 3***********
************************* length of uploaded models ************************* 3

-------------Round number: 38-------------

Evaluate global model
evaluation for task 0
Averaged Train Loss: 2.8121
Averaged Test Accurancy: 0.1267
Averaged Test AUC: 0.9272
Std Test Accurancy: 0.0257
Std Test AUC: 0.0058
evaluation for task 1
Averaged Train Loss: 2.5732
Averaged Test Accurancy: 0.1958
Averaged Test AUC: nan
Std Test Accurancy: 0.0042
Std Test AUC: nan
evaluation for task 2
Averaged Train Loss: 1.8238
Averaged Test Accurancy: 0.3411
Averaged Test AUC: nan
Std Test Accurancy: 0.0284
Std Test AUC: nan
evaluation for task 3
Averaged Train Loss: 0.9665
Averaged Test Accurancy: 0.4900
Averaged Test AUC: nan
Std Test Accurancy: 0.0472
Std Test AUC: nan
Clients: 3
------------------------- Time cost ------------------------- 1458.577320098877
*********New episodic memory length is 4***********
*********New episodic memory length is 4***********
*********New episodic memory length is 4***********
************************* length of uploaded models ************************* 3

-------------Round number: 39-------------

Evaluate global model
evaluation for task 0
Averaged Train Loss: 2.8357
Averaged Test Accurancy: 0.1069
Averaged Test AUC: 0.9211
Std Test Accurancy: 0.0119
Std Test AUC: 0.0056
evaluation for task 1
Averaged Train Loss: 2.5222
Averaged Test Accurancy: 0.2222
Averaged Test AUC: nan
Std Test Accurancy: 0.0059
Std Test AUC: nan
evaluation for task 2
Averaged Train Loss: 1.9501
Averaged Test Accurancy: 0.3094
Averaged Test AUC: nan
Std Test Accurancy: 0.0208
Std Test AUC: nan
evaluation for task 3
Averaged Train Loss: 0.9296
Averaged Test Accurancy: 0.4925
Averaged Test AUC: nan
Std Test Accurancy: 0.0416
Std Test AUC: nan
Clients: 3
------------------------- Time cost ------------------------- 1918.181566476822
*********New episodic memory length is 4***********
*********New episodic memory length is 4***********
*********New episodic memory length is 4***********
************************* length of uploaded models ************************* 3

-------------Round number: 40-------------

Evaluate global model
evaluation for task 0
Averaged Train Loss: 2.8330
Averaged Test Accurancy: 0.1014
Averaged Test AUC: 0.9235
Std Test Accurancy: 0.0105
Std Test AUC: 0.0043
evaluation for task 1
Averaged Train Loss: 2.6702
Averaged Test Accurancy: 0.1469
Averaged Test AUC: nan
Std Test Accurancy: 0.0108
Std Test AUC: nan
evaluation for task 2
Averaged Train Loss: 2.0248
Averaged Test Accurancy: 0.2983
Averaged Test AUC: nan
Std Test Accurancy: 0.0051
Std Test AUC: nan
evaluation for task 3
Averaged Train Loss: 1.2891
Averaged Test Accurancy: 0.4561
Averaged Test AUC: nan
Std Test Accurancy: 0.0622
Std Test AUC: nan
evaluation for task 4
Averaged Train Loss: 1.9364
Averaged Test Accurancy: 0.3597
Averaged Test AUC: nan
Std Test Accurancy: 0.0668
Std Test AUC: nan
Clients: 3
------------------------- Time cost ------------------------- 1954.5708348751068
*********New episodic memory length is 4***********
*********New episodic memory length is 4***********
*********New episodic memory length is 4***********
************************* length of uploaded models ************************* 3

-------------Round number: 41-------------

Evaluate global model
evaluation for task 0
Averaged Train Loss: 2.8604
Averaged Test Accurancy: 0.1011
Averaged Test AUC: 0.9231
Std Test Accurancy: 0.0087
Std Test AUC: 0.0057
evaluation for task 1
Averaged Train Loss: 2.6921
Averaged Test Accurancy: 0.1486
Averaged Test AUC: nan
Std Test Accurancy: 0.0324
Std Test AUC: nan
evaluation for task 2
Averaged Train Loss: 2.0647
Averaged Test Accurancy: 0.2731
Averaged Test AUC: nan
Std Test Accurancy: 0.0514
Std Test AUC: nan
evaluation for task 3
Averaged Train Loss: 1.3437
Averaged Test Accurancy: 0.4342
Averaged Test AUC: nan
Std Test Accurancy: 0.0417
Std Test AUC: nan
evaluation for task 4
Averaged Train Loss: 1.5973
Averaged Test Accurancy: 0.4467
Averaged Test AUC: nan
Std Test Accurancy: 0.0572
Std Test AUC: nan
Clients: 3
------------------------- Time cost ------------------------- 1987.7307546138763
*********New episodic memory length is 4***********
*********New episodic memory length is 4***********
*********New episodic memory length is 4***********
************************* length of uploaded models ************************* 3

-------------Round number: 42-------------

Evaluate global model
evaluation for task 0
Averaged Train Loss: 2.8560
Averaged Test Accurancy: 0.1022
Averaged Test AUC: 0.9215
Std Test Accurancy: 0.0147
Std Test AUC: 0.0099
evaluation for task 1
Averaged Train Loss: 2.6743
Averaged Test Accurancy: 0.1531
Averaged Test AUC: nan
Std Test Accurancy: 0.0240
Std Test AUC: nan
evaluation for task 2
Averaged Train Loss: 2.0225
Averaged Test Accurancy: 0.2733
Averaged Test AUC: nan
Std Test Accurancy: 0.0300
Std Test AUC: nan
evaluation for task 3
Averaged Train Loss: 1.3962
Averaged Test Accurancy: 0.4303
Averaged Test AUC: nan
Std Test Accurancy: 0.0390
Std Test AUC: nan
evaluation for task 4
Averaged Train Loss: 1.3221
Averaged Test Accurancy: 0.4931
Averaged Test AUC: nan
Std Test Accurancy: 0.0224
Std Test AUC: nan
Clients: 3
------------------------- Time cost ------------------------- 1958.3481204509735
*********New episodic memory length is 4***********
*********New episodic memory length is 4***********
*********New episodic memory length is 4***********
************************* length of uploaded models ************************* 3

-------------Round number: 43-------------

Evaluate global model
evaluation for task 0
Averaged Train Loss: 2.8297
Averaged Test Accurancy: 0.0989
Averaged Test AUC: 0.9190
Std Test Accurancy: 0.0083
Std Test AUC: 0.0088
evaluation for task 1
Averaged Train Loss: 2.7313
Averaged Test Accurancy: 0.1436
Averaged Test AUC: nan
Std Test Accurancy: 0.0298
Std Test AUC: nan
evaluation for task 2
Averaged Train Loss: 2.0703
Averaged Test Accurancy: 0.2892
Averaged Test AUC: nan
Std Test Accurancy: 0.0114
Std Test AUC: nan
evaluation for task 3
Averaged Train Loss: 1.4828
Averaged Test Accurancy: 0.4281
Averaged Test AUC: nan
Std Test Accurancy: 0.0459
Std Test AUC: nan
evaluation for task 4
Averaged Train Loss: 1.2574
Averaged Test Accurancy: 0.4658
Averaged Test AUC: nan
Std Test Accurancy: 0.0456
Std Test AUC: nan
Clients: 3
------------------------- Time cost ------------------------- 1956.508223772049
*********New episodic memory length is 4***********
*********New episodic memory length is 4***********
*********New episodic memory length is 4***********
************************* length of uploaded models ************************* 3

-------------Round number: 44-------------

Evaluate global model
evaluation for task 0
Averaged Train Loss: 2.8566
Averaged Test Accurancy: 0.0992
Averaged Test AUC: 0.9214
Std Test Accurancy: 0.0195
Std Test AUC: 0.0064
evaluation for task 1
Averaged Train Loss: 2.6696
Averaged Test Accurancy: 0.1261
Averaged Test AUC: nan
Std Test Accurancy: 0.0310
Std Test AUC: nan
evaluation for task 2
Averaged Train Loss: 2.2045
Averaged Test Accurancy: 0.2408
Averaged Test AUC: nan
Std Test Accurancy: 0.0288
Std Test AUC: nan
evaluation for task 3
Averaged Train Loss: 1.5305
Averaged Test Accurancy: 0.4019
Averaged Test AUC: nan
Std Test Accurancy: 0.0303
Std Test AUC: nan
evaluation for task 4
Averaged Train Loss: 1.1078
Averaged Test Accurancy: 0.4886
Averaged Test AUC: nan
Std Test Accurancy: 0.0171
Std Test AUC: nan
Clients: 3
------------------------- Time cost ------------------------- 1947.698365688324
*********New episodic memory length is 4***********
*********New episodic memory length is 4***********
*********New episodic memory length is 4***********
************************* length of uploaded models ************************* 3

-------------Round number: 45-------------

Evaluate global model
evaluation for task 0
Averaged Train Loss: 2.9100
Averaged Test Accurancy: 0.0975
Averaged Test AUC: 0.9223
Std Test Accurancy: 0.0207
Std Test AUC: 0.0026
evaluation for task 1
Averaged Train Loss: 2.6685
Averaged Test Accurancy: 0.1347
Averaged Test AUC: nan
Std Test Accurancy: 0.0182
Std Test AUC: nan
evaluation for task 2
Averaged Train Loss: 2.2016
Averaged Test Accurancy: 0.2497
Averaged Test AUC: nan
Std Test Accurancy: 0.0084
Std Test AUC: nan
evaluation for task 3
Averaged Train Loss: 1.5145
Averaged Test Accurancy: 0.4147
Averaged Test AUC: nan
Std Test Accurancy: 0.0404
Std Test AUC: nan
evaluation for task 4
Averaged Train Loss: 1.0802
Averaged Test Accurancy: 0.4900
Averaged Test AUC: nan
Std Test Accurancy: 0.0190
Std Test AUC: nan
Clients: 3
------------------------- Time cost ------------------------- 1941.742861032486
*********New episodic memory length is 4***********
*********New episodic memory length is 4***********
*********New episodic memory length is 4***********
************************* length of uploaded models ************************* 3

-------------Round number: 46-------------

Evaluate global model
evaluation for task 0
Averaged Train Loss: 2.9072
Averaged Test Accurancy: 0.1072
Averaged Test AUC: 0.9195
Std Test Accurancy: 0.0309
Std Test AUC: 0.0054
evaluation for task 1
Averaged Train Loss: 2.7277
Averaged Test Accurancy: 0.1264
Averaged Test AUC: nan
Std Test Accurancy: 0.0197
Std Test AUC: nan
evaluation for task 2
Averaged Train Loss: 2.2710
Averaged Test Accurancy: 0.2306
Averaged Test AUC: nan
Std Test Accurancy: 0.0270
Std Test AUC: nan
evaluation for task 3
Averaged Train Loss: 1.6165
Averaged Test Accurancy: 0.4058
Averaged Test AUC: nan
Std Test Accurancy: 0.0434
Std Test AUC: nan
evaluation for task 4
Averaged Train Loss: 0.9383
Averaged Test Accurancy: 0.5061
Averaged Test AUC: nan
Std Test Accurancy: 0.0259
Std Test AUC: nan
Clients: 3
------------------------- Time cost ------------------------- 1933.7256407737732
*********New episodic memory length is 4***********
*********New episodic memory length is 4***********
*********New episodic memory length is 4***********
************************* length of uploaded models ************************* 3

-------------Round number: 47-------------

Evaluate global model
evaluation for task 0
Averaged Train Loss: 2.8803
Averaged Test Accurancy: 0.1108
Averaged Test AUC: 0.9194
Std Test Accurancy: 0.0245
Std Test AUC: 0.0074
evaluation for task 1
Averaged Train Loss: 2.6976
Averaged Test Accurancy: 0.1281
Averaged Test AUC: nan
Std Test Accurancy: 0.0266
Std Test AUC: nan
evaluation for task 2
Averaged Train Loss: 2.2864
Averaged Test Accurancy: 0.2453
Averaged Test AUC: nan
Std Test Accurancy: 0.0141
Std Test AUC: nan
evaluation for task 3
Averaged Train Loss: 1.6740
Averaged Test Accurancy: 0.4039
Averaged Test AUC: nan
Std Test Accurancy: 0.0536
Std Test AUC: nan
evaluation for task 4
Averaged Train Loss: 0.8372
Averaged Test Accurancy: 0.4931
Averaged Test AUC: nan
Std Test Accurancy: 0.0387
Std Test AUC: nan
Clients: 3
------------------------- Time cost ------------------------- 1934.5591490268707
*********New episodic memory length is 4***********
*********New episodic memory length is 4***********
*********New episodic memory length is 4***********
************************* length of uploaded models ************************* 3

-------------Round number: 48-------------

Evaluate global model
evaluation for task 0
Averaged Train Loss: 2.9116
Averaged Test Accurancy: 0.0881
Averaged Test AUC: 0.9173
Std Test Accurancy: 0.0081
Std Test AUC: 0.0055
evaluation for task 1
Averaged Train Loss: 2.7735
Averaged Test Accurancy: 0.1122
Averaged Test AUC: nan
Std Test Accurancy: 0.0283
Std Test AUC: nan
evaluation for task 2
Averaged Train Loss: 2.2897
Averaged Test Accurancy: 0.2556
Averaged Test AUC: nan
Std Test Accurancy: 0.0289
Std Test AUC: nan
evaluation for task 3
Averaged Train Loss: 1.6598
Averaged Test Accurancy: 0.4025
Averaged Test AUC: nan
Std Test Accurancy: 0.0462
Std Test AUC: nan
evaluation for task 4
Averaged Train Loss: 0.7839
Averaged Test Accurancy: 0.4836
Averaged Test AUC: nan
Std Test Accurancy: 0.0556
Std Test AUC: nan
Clients: 3
------------------------- Time cost ------------------------- 1940.6922669410706
*********New episodic memory length is 5***********
*********New episodic memory length is 5***********
*********New episodic memory length is 5***********
************************* length of uploaded models ************************* 3

-------------Round number: 49-------------

Evaluate global model
evaluation for task 0
Averaged Train Loss: 2.8976
Averaged Test Accurancy: 0.0986
Averaged Test AUC: 0.9127
Std Test Accurancy: 0.0237
Std Test AUC: 0.0079
evaluation for task 1
Averaged Train Loss: 2.7894
Averaged Test Accurancy: 0.1136
Averaged Test AUC: nan
Std Test Accurancy: 0.0313
Std Test AUC: nan
evaluation for task 2
Averaged Train Loss: 2.4146
Averaged Test Accurancy: 0.1981
Averaged Test AUC: nan
Std Test Accurancy: 0.0308
Std Test AUC: nan
evaluation for task 3
Averaged Train Loss: 1.7841
Averaged Test Accurancy: 0.3611
Averaged Test AUC: nan
Std Test Accurancy: 0.0353
Std Test AUC: nan
evaluation for task 4
Averaged Train Loss: 0.7112
Averaged Test Accurancy: 0.4956
Averaged Test AUC: nan
Std Test Accurancy: 0.0291
Std Test AUC: nan
Clients: 3
------------------------- Time cost ------------------------- 2392.333830833435

Best accuracy.
0.5061111111111111

Average time cost per round.
1053.2377616872593
File path: ../results/BloodMNIST_FedAvg_test_0.h5

Average time cost: 51618.13s.
Length:  150
std for best accurancy: 0.0
mean for best accurancy: 0.5061111111111111
All done!

Storage on cpu
-------------------------------------------------------------------------------
Total Tensors: 53681011 	Used Memory: 19.34G
-------------------------------------------------------------------------------

Storage on cuda:0
-------------------------------------------------------------------------------
Total Tensors: 159005404 	Used Memory: 478.05M
The allocated memory on cuda:0: 501.85M
Memory differs due to the matrix alignment or invisible gradient buffer tensors
-------------------------------------------------------------------------------
